Analysis & Synthesis report for simon
Wed Jan 26 15:04:54 2022
Quartus Prime Version 20.1.1 Build 720 11/11/2020 SJ Lite Edition


---------------------
; Table of Contents ;
---------------------
  1. Legal Notice
  2. Analysis & Synthesis Summary
  3. Analysis & Synthesis Settings
  4. Parallel Compilation
  5. Analysis & Synthesis Source Files Read
  6. Analysis & Synthesis Resource Usage Summary
  7. Analysis & Synthesis Resource Utilization by Entity
  8. State Machine - |simon|STATUS
  9. Registers Removed During Synthesis
 10. General Register Statistics
 11. Multiplexer Restructuring Statistics (Restructuring Performed)
 12. Parameter Settings for Inferred Entity Instance: lpm_divide:Mod2
 13. Parameter Settings for Inferred Entity Instance: lpm_divide:Mod0
 14. Parameter Settings for Inferred Entity Instance: lpm_divide:Div0
 15. Parameter Settings for Inferred Entity Instance: lpm_divide:Mod3
 16. Parameter Settings for Inferred Entity Instance: lpm_divide:Div1
 17. Parameter Settings for Inferred Entity Instance: lpm_divide:Mod1
 18. Parameter Settings for Inferred Entity Instance: lpm_divide:Div2
 19. Port Connectivity Checks: "segment:segment_part6"
 20. Port Connectivity Checks: "segment:segment_part5"
 21. Port Connectivity Checks: "lfsr:random_generator"
 22. Post-Synthesis Netlist Statistics for Top Partition
 23. Elapsed Time Per Partition
 24. Analysis & Synthesis Messages
 25. Analysis & Synthesis Suppressed Messages



----------------
; Legal Notice ;
----------------
Copyright (C) 2020  Intel Corporation. All rights reserved.
Your use of Intel Corporation's design tools, logic functions 
and other software and tools, and any partner logic 
functions, and any output files from any of the foregoing 
(including device programming or simulation files), and any 
associated documentation or information are expressly subject 
to the terms and conditions of the Intel Program License 
Subscription Agreement, the Intel Quartus Prime License Agreement,
the Intel FPGA IP License Agreement, or other applicable license
agreement, including, without limitation, that your use is for
the sole purpose of programming logic devices manufactured by
Intel and sold by Intel or its authorized distributors.  Please
refer to the applicable agreement for further details, at
https://fpgasoftware.intel.com/eula.



+-------------------------------------------------------------------------------+
; Analysis & Synthesis Summary                                                  ;
+---------------------------------+---------------------------------------------+
; Analysis & Synthesis Status     ; Successful - Wed Jan 26 15:04:54 2022       ;
; Quartus Prime Version           ; 20.1.1 Build 720 11/11/2020 SJ Lite Edition ;
; Revision Name                   ; simon                                       ;
; Top-level Entity Name           ; simon                                       ;
; Family                          ; Cyclone V                                   ;
; Logic utilization (in ALMs)     ; N/A                                         ;
; Total registers                 ; 252                                         ;
; Total pins                      ; 67                                          ;
; Total virtual pins              ; 0                                           ;
; Total block memory bits         ; 0                                           ;
; Total DSP Blocks                ; 0                                           ;
; Total HSSI RX PCSs              ; 0                                           ;
; Total HSSI PMA RX Deserializers ; 0                                           ;
; Total HSSI TX PCSs              ; 0                                           ;
; Total HSSI PMA TX Serializers   ; 0                                           ;
; Total PLLs                      ; 0                                           ;
; Total DLLs                      ; 0                                           ;
+---------------------------------+---------------------------------------------+


+---------------------------------------------------------------------------------------------------------------------------+
; Analysis & Synthesis Settings                                                                                             ;
+---------------------------------------------------------------------------------+--------------------+--------------------+
; Option                                                                          ; Setting            ; Default Value      ;
+---------------------------------------------------------------------------------+--------------------+--------------------+
; Device                                                                          ; 5CSEMA5F31C6       ;                    ;
; Top-level entity name                                                           ; simon              ; simon              ;
; Family name                                                                     ; Cyclone V          ; Cyclone V          ;
; Maximum processors allowed for parallel compilation                             ; All                ;                    ;
; Use smart compilation                                                           ; Off                ; Off                ;
; Enable parallel Assembler and Timing Analyzer during compilation                ; On                 ; On                 ;
; Enable compact report table                                                     ; Off                ; Off                ;
; Restructure Multiplexers                                                        ; Auto               ; Auto               ;
; MLAB Add Timing Constraints For Mixed-Port Feed-Through Mode Setting Don't Care ; Off                ; Off                ;
; Create Debugging Nodes for IP Cores                                             ; Off                ; Off                ;
; Preserve fewer node names                                                       ; On                 ; On                 ;
; Intel FPGA IP Evaluation Mode                                                   ; Enable             ; Enable             ;
; Verilog Version                                                                 ; Verilog_2001       ; Verilog_2001       ;
; VHDL Version                                                                    ; VHDL_1993          ; VHDL_1993          ;
; State Machine Processing                                                        ; Auto               ; Auto               ;
; Safe State Machine                                                              ; Off                ; Off                ;
; Extract Verilog State Machines                                                  ; On                 ; On                 ;
; Extract VHDL State Machines                                                     ; On                 ; On                 ;
; Ignore Verilog initial constructs                                               ; Off                ; Off                ;
; Iteration limit for constant Verilog loops                                      ; 5000               ; 5000               ;
; Iteration limit for non-constant Verilog loops                                  ; 250                ; 250                ;
; Add Pass-Through Logic to Inferred RAMs                                         ; On                 ; On                 ;
; Infer RAMs from Raw Logic                                                       ; On                 ; On                 ;
; Parallel Synthesis                                                              ; On                 ; On                 ;
; DSP Block Balancing                                                             ; Auto               ; Auto               ;
; NOT Gate Push-Back                                                              ; On                 ; On                 ;
; Power-Up Don't Care                                                             ; On                 ; On                 ;
; Remove Redundant Logic Cells                                                    ; Off                ; Off                ;
; Remove Duplicate Registers                                                      ; On                 ; On                 ;
; Ignore CARRY Buffers                                                            ; Off                ; Off                ;
; Ignore CASCADE Buffers                                                          ; Off                ; Off                ;
; Ignore GLOBAL Buffers                                                           ; Off                ; Off                ;
; Ignore ROW GLOBAL Buffers                                                       ; Off                ; Off                ;
; Ignore LCELL Buffers                                                            ; Off                ; Off                ;
; Ignore SOFT Buffers                                                             ; On                 ; On                 ;
; Limit AHDL Integers to 32 Bits                                                  ; Off                ; Off                ;
; Optimization Technique                                                          ; Balanced           ; Balanced           ;
; Carry Chain Length                                                              ; 70                 ; 70                 ;
; Auto Carry Chains                                                               ; On                 ; On                 ;
; Auto Open-Drain Pins                                                            ; On                 ; On                 ;
; Perform WYSIWYG Primitive Resynthesis                                           ; Off                ; Off                ;
; Auto ROM Replacement                                                            ; On                 ; On                 ;
; Auto RAM Replacement                                                            ; On                 ; On                 ;
; Auto DSP Block Replacement                                                      ; On                 ; On                 ;
; Auto Shift Register Replacement                                                 ; Auto               ; Auto               ;
; Allow Shift Register Merging across Hierarchies                                 ; Auto               ; Auto               ;
; Auto Clock Enable Replacement                                                   ; On                 ; On                 ;
; Strict RAM Replacement                                                          ; Off                ; Off                ;
; Allow Synchronous Control Signals                                               ; On                 ; On                 ;
; Force Use of Synchronous Clear Signals                                          ; Off                ; Off                ;
; Auto Resource Sharing                                                           ; Off                ; Off                ;
; Allow Any RAM Size For Recognition                                              ; Off                ; Off                ;
; Allow Any ROM Size For Recognition                                              ; Off                ; Off                ;
; Allow Any Shift Register Size For Recognition                                   ; Off                ; Off                ;
; Use LogicLock Constraints during Resource Balancing                             ; On                 ; On                 ;
; Ignore translate_off and synthesis_off directives                               ; Off                ; Off                ;
; Timing-Driven Synthesis                                                         ; On                 ; On                 ;
; Report Parameter Settings                                                       ; On                 ; On                 ;
; Report Source Assignments                                                       ; On                 ; On                 ;
; Report Connectivity Checks                                                      ; On                 ; On                 ;
; Ignore Maximum Fan-Out Assignments                                              ; Off                ; Off                ;
; Synchronization Register Chain Length                                           ; 3                  ; 3                  ;
; Power Optimization During Synthesis                                             ; Normal compilation ; Normal compilation ;
; HDL message level                                                               ; Level2             ; Level2             ;
; Suppress Register Optimization Related Messages                                 ; Off                ; Off                ;
; Number of Removed Registers Reported in Synthesis Report                        ; 5000               ; 5000               ;
; Number of Swept Nodes Reported in Synthesis Report                              ; 5000               ; 5000               ;
; Number of Inverted Registers Reported in Synthesis Report                       ; 100                ; 100                ;
; Clock MUX Protection                                                            ; On                 ; On                 ;
; Auto Gated Clock Conversion                                                     ; Off                ; Off                ;
; Block Design Naming                                                             ; Auto               ; Auto               ;
; SDC constraint protection                                                       ; Off                ; Off                ;
; Synthesis Effort                                                                ; Auto               ; Auto               ;
; Shift Register Replacement - Allow Asynchronous Clear Signal                    ; On                 ; On                 ;
; Pre-Mapping Resynthesis Optimization                                            ; Off                ; Off                ;
; Analysis & Synthesis Message Level                                              ; Medium             ; Medium             ;
; Disable Register Merging Across Hierarchies                                     ; Auto               ; Auto               ;
; Resource Aware Inference For Block RAM                                          ; On                 ; On                 ;
; Automatic Parallel Synthesis                                                    ; On                 ; On                 ;
; Partial Reconfiguration Bitstream ID                                            ; Off                ; Off                ;
+---------------------------------------------------------------------------------+--------------------+--------------------+


+------------------------------------------+
; Parallel Compilation                     ;
+----------------------------+-------------+
; Processors                 ; Number      ;
+----------------------------+-------------+
; Number detected on machine ; 6           ;
; Maximum allowed            ; 6           ;
;                            ;             ;
; Average used               ; 1.00        ;
; Maximum used               ; 6           ;
;                            ;             ;
; Usage by Processor         ; % Time Used ;
;     Processor 1            ; 100.0%      ;
;     Processor 2            ;   0.0%      ;
;     Processor 3            ;   0.0%      ;
;     Processor 4            ;   0.0%      ;
;     Processor 5            ;   0.0%      ;
;     Processor 6            ;   0.0%      ;
+----------------------------+-------------+


+--------------------------------------------------------------------------------------------------------------------------------------------------------------------------+
; Analysis & Synthesis Source Files Read                                                                                                                                   ;
+----------------------------------+-----------------+------------------------------+----------------------------------------------------------------------------+---------+
; File Name with User-Entered Path ; Used in Netlist ; File Type                    ; File Name with Absolute Path                                               ; Library ;
+----------------------------------+-----------------+------------------------------+----------------------------------------------------------------------------+---------+
; simon.v                          ; yes             ; User Verilog HDL File        ; C:/xcelko/old/simon.v                                                      ;         ;
; segment.v                        ; yes             ; User Verilog HDL File        ; C:/xcelko/old/segment.v                                                    ;         ;
; divider.v                        ; yes             ; User Verilog HDL File        ; C:/xcelko/old/divider.v                                                    ;         ;
; lfsr.v                           ; yes             ; User Verilog HDL File        ; C:/xcelko/old/lfsr.v                                                       ;         ;
; lpm_divide.tdf                   ; yes             ; Megafunction                 ; c:/intelfpga_lite/20.1/quartus/libraries/megafunctions/lpm_divide.tdf      ;         ;
; abs_divider.inc                  ; yes             ; Megafunction                 ; c:/intelfpga_lite/20.1/quartus/libraries/megafunctions/abs_divider.inc     ;         ;
; sign_div_unsign.inc              ; yes             ; Megafunction                 ; c:/intelfpga_lite/20.1/quartus/libraries/megafunctions/sign_div_unsign.inc ;         ;
; aglobal201.inc                   ; yes             ; Megafunction                 ; c:/intelfpga_lite/20.1/quartus/libraries/megafunctions/aglobal201.inc      ;         ;
; db/lpm_divide_l3m.tdf            ; yes             ; Auto-Generated Megafunction  ; C:/xcelko/old/db/lpm_divide_l3m.tdf                                        ;         ;
; db/sign_div_unsign_olh.tdf       ; yes             ; Auto-Generated Megafunction  ; C:/xcelko/old/db/sign_div_unsign_olh.tdf                                   ;         ;
; db/alt_u_div_mve.tdf             ; yes             ; Auto-Generated Megafunction  ; C:/xcelko/old/db/alt_u_div_mve.tdf                                         ;         ;
; db/lpm_divide_ibm.tdf            ; yes             ; Auto-Generated Megafunction  ; C:/xcelko/old/db/lpm_divide_ibm.tdf                                        ;         ;
; db/lpm_divide_hbm.tdf            ; yes             ; Auto-Generated Megafunction  ; C:/xcelko/old/db/lpm_divide_hbm.tdf                                        ;         ;
; db/sign_div_unsign_nlh.tdf       ; yes             ; Auto-Generated Megafunction  ; C:/xcelko/old/db/sign_div_unsign_nlh.tdf                                   ;         ;
; db/alt_u_div_kve.tdf             ; yes             ; Auto-Generated Megafunction  ; C:/xcelko/old/db/alt_u_div_kve.tdf                                         ;         ;
+----------------------------------+-----------------+------------------------------+----------------------------------------------------------------------------+---------+


+--------------------------------------------------------------+
; Analysis & Synthesis Resource Usage Summary                  ;
+---------------------------------------------+----------------+
; Resource                                    ; Usage          ;
+---------------------------------------------+----------------+
; Estimate of Logic utilization (ALMs needed) ; 1368           ;
;                                             ;                ;
; Combinational ALUT usage for logic          ; 2628           ;
;     -- 7 input functions                    ; 3              ;
;     -- 6 input functions                    ; 100            ;
;     -- 5 input functions                    ; 84             ;
;     -- 4 input functions                    ; 254            ;
;     -- <=3 input functions                  ; 2187           ;
;                                             ;                ;
; Dedicated logic registers                   ; 252            ;
;                                             ;                ;
; I/O pins                                    ; 67             ;
;                                             ;                ;
; Total DSP Blocks                            ; 0              ;
;                                             ;                ;
; Maximum fan-out node                        ; CLOCK_50~input ;
; Maximum fan-out                             ; 252            ;
; Total fan-out                               ; 8436           ;
; Average fan-out                             ; 2.80           ;
+---------------------------------------------+----------------+


+-----------------------------------------------------------------------------------------------------------------------------------------------------------------------------------------------------------------------------------------------------------------------------------------------+
; Analysis & Synthesis Resource Utilization by Entity                                                                                                                                                                                                                                           ;
+----------------------------------------+---------------------+---------------------------+-------------------+------------+------+--------------+--------------------------------------------------------------------------------------------------------+---------------------+--------------+
; Compilation Hierarchy Node             ; Combinational ALUTs ; Dedicated Logic Registers ; Block Memory Bits ; DSP Blocks ; Pins ; Virtual Pins ; Full Hierarchy Name                                                                                    ; Entity Name         ; Library Name ;
+----------------------------------------+---------------------+---------------------------+-------------------+------------+------+--------------+--------------------------------------------------------------------------------------------------------+---------------------+--------------+
; |simon                                 ; 2628 (471)          ; 252 (211)                 ; 0                 ; 0          ; 67   ; 0            ; |simon                                                                                                 ; simon               ; work         ;
;    |divider:divider_half_sec|          ; 50 (50)             ; 33 (33)                   ; 0                 ; 0          ; 0    ; 0            ; |simon|divider:divider_half_sec                                                                        ; divider             ; work         ;
;    |lfsr:random_generator|             ; 8 (8)               ; 8 (8)                     ; 0                 ; 0          ; 0    ; 0            ; |simon|lfsr:random_generator                                                                           ; lfsr                ; work         ;
;    |lpm_divide:Div0|                   ; 313 (0)             ; 0 (0)                     ; 0                 ; 0          ; 0    ; 0            ; |simon|lpm_divide:Div0                                                                                 ; lpm_divide          ; work         ;
;       |lpm_divide_ibm:auto_generated|  ; 313 (0)             ; 0 (0)                     ; 0                 ; 0          ; 0    ; 0            ; |simon|lpm_divide:Div0|lpm_divide_ibm:auto_generated                                                   ; lpm_divide_ibm      ; work         ;
;          |sign_div_unsign_olh:divider| ; 313 (0)             ; 0 (0)                     ; 0                 ; 0          ; 0    ; 0            ; |simon|lpm_divide:Div0|lpm_divide_ibm:auto_generated|sign_div_unsign_olh:divider                       ; sign_div_unsign_olh ; work         ;
;             |alt_u_div_mve:divider|    ; 313 (313)           ; 0 (0)                     ; 0                 ; 0          ; 0    ; 0            ; |simon|lpm_divide:Div0|lpm_divide_ibm:auto_generated|sign_div_unsign_olh:divider|alt_u_div_mve:divider ; alt_u_div_mve       ; work         ;
;    |lpm_divide:Div1|                   ; 313 (0)             ; 0 (0)                     ; 0                 ; 0          ; 0    ; 0            ; |simon|lpm_divide:Div1                                                                                 ; lpm_divide          ; work         ;
;       |lpm_divide_ibm:auto_generated|  ; 313 (0)             ; 0 (0)                     ; 0                 ; 0          ; 0    ; 0            ; |simon|lpm_divide:Div1|lpm_divide_ibm:auto_generated                                                   ; lpm_divide_ibm      ; work         ;
;          |sign_div_unsign_olh:divider| ; 313 (0)             ; 0 (0)                     ; 0                 ; 0          ; 0    ; 0            ; |simon|lpm_divide:Div1|lpm_divide_ibm:auto_generated|sign_div_unsign_olh:divider                       ; sign_div_unsign_olh ; work         ;
;             |alt_u_div_mve:divider|    ; 313 (313)           ; 0 (0)                     ; 0                 ; 0          ; 0    ; 0            ; |simon|lpm_divide:Div1|lpm_divide_ibm:auto_generated|sign_div_unsign_olh:divider|alt_u_div_mve:divider ; alt_u_div_mve       ; work         ;
;    |lpm_divide:Div2|                   ; 235 (0)             ; 0 (0)                     ; 0                 ; 0          ; 0    ; 0            ; |simon|lpm_divide:Div2                                                                                 ; lpm_divide          ; work         ;
;       |lpm_divide_hbm:auto_generated|  ; 235 (0)             ; 0 (0)                     ; 0                 ; 0          ; 0    ; 0            ; |simon|lpm_divide:Div2|lpm_divide_hbm:auto_generated                                                   ; lpm_divide_hbm      ; work         ;
;          |sign_div_unsign_nlh:divider| ; 235 (0)             ; 0 (0)                     ; 0                 ; 0          ; 0    ; 0            ; |simon|lpm_divide:Div2|lpm_divide_hbm:auto_generated|sign_div_unsign_nlh:divider                       ; sign_div_unsign_nlh ; work         ;
;             |alt_u_div_kve:divider|    ; 235 (235)           ; 0 (0)                     ; 0                 ; 0          ; 0    ; 0            ; |simon|lpm_divide:Div2|lpm_divide_hbm:auto_generated|sign_div_unsign_nlh:divider|alt_u_div_kve:divider ; alt_u_div_kve       ; work         ;
;    |lpm_divide:Mod0|                   ; 313 (0)             ; 0 (0)                     ; 0                 ; 0          ; 0    ; 0            ; |simon|lpm_divide:Mod0                                                                                 ; lpm_divide          ; work         ;
;       |lpm_divide_l3m:auto_generated|  ; 313 (0)             ; 0 (0)                     ; 0                 ; 0          ; 0    ; 0            ; |simon|lpm_divide:Mod0|lpm_divide_l3m:auto_generated                                                   ; lpm_divide_l3m      ; work         ;
;          |sign_div_unsign_olh:divider| ; 313 (0)             ; 0 (0)                     ; 0                 ; 0          ; 0    ; 0            ; |simon|lpm_divide:Mod0|lpm_divide_l3m:auto_generated|sign_div_unsign_olh:divider                       ; sign_div_unsign_olh ; work         ;
;             |alt_u_div_mve:divider|    ; 313 (313)           ; 0 (0)                     ; 0                 ; 0          ; 0    ; 0            ; |simon|lpm_divide:Mod0|lpm_divide_l3m:auto_generated|sign_div_unsign_olh:divider|alt_u_div_mve:divider ; alt_u_div_mve       ; work         ;
;    |lpm_divide:Mod1|                   ; 298 (0)             ; 0 (0)                     ; 0                 ; 0          ; 0    ; 0            ; |simon|lpm_divide:Mod1                                                                                 ; lpm_divide          ; work         ;
;       |lpm_divide_l3m:auto_generated|  ; 298 (0)             ; 0 (0)                     ; 0                 ; 0          ; 0    ; 0            ; |simon|lpm_divide:Mod1|lpm_divide_l3m:auto_generated                                                   ; lpm_divide_l3m      ; work         ;
;          |sign_div_unsign_olh:divider| ; 298 (0)             ; 0 (0)                     ; 0                 ; 0          ; 0    ; 0            ; |simon|lpm_divide:Mod1|lpm_divide_l3m:auto_generated|sign_div_unsign_olh:divider                       ; sign_div_unsign_olh ; work         ;
;             |alt_u_div_mve:divider|    ; 298 (298)           ; 0 (0)                     ; 0                 ; 0          ; 0    ; 0            ; |simon|lpm_divide:Mod1|lpm_divide_l3m:auto_generated|sign_div_unsign_olh:divider|alt_u_div_mve:divider ; alt_u_div_mve       ; work         ;
;    |lpm_divide:Mod2|                   ; 313 (0)             ; 0 (0)                     ; 0                 ; 0          ; 0    ; 0            ; |simon|lpm_divide:Mod2                                                                                 ; lpm_divide          ; work         ;
;       |lpm_divide_l3m:auto_generated|  ; 313 (0)             ; 0 (0)                     ; 0                 ; 0          ; 0    ; 0            ; |simon|lpm_divide:Mod2|lpm_divide_l3m:auto_generated                                                   ; lpm_divide_l3m      ; work         ;
;          |sign_div_unsign_olh:divider| ; 313 (0)             ; 0 (0)                     ; 0                 ; 0          ; 0    ; 0            ; |simon|lpm_divide:Mod2|lpm_divide_l3m:auto_generated|sign_div_unsign_olh:divider                       ; sign_div_unsign_olh ; work         ;
;             |alt_u_div_mve:divider|    ; 313 (313)           ; 0 (0)                     ; 0                 ; 0          ; 0    ; 0            ; |simon|lpm_divide:Mod2|lpm_divide_l3m:auto_generated|sign_div_unsign_olh:divider|alt_u_div_mve:divider ; alt_u_div_mve       ; work         ;
;    |lpm_divide:Mod3|                   ; 298 (0)             ; 0 (0)                     ; 0                 ; 0          ; 0    ; 0            ; |simon|lpm_divide:Mod3                                                                                 ; lpm_divide          ; work         ;
;       |lpm_divide_l3m:auto_generated|  ; 298 (0)             ; 0 (0)                     ; 0                 ; 0          ; 0    ; 0            ; |simon|lpm_divide:Mod3|lpm_divide_l3m:auto_generated                                                   ; lpm_divide_l3m      ; work         ;
;          |sign_div_unsign_olh:divider| ; 298 (0)             ; 0 (0)                     ; 0                 ; 0          ; 0    ; 0            ; |simon|lpm_divide:Mod3|lpm_divide_l3m:auto_generated|sign_div_unsign_olh:divider                       ; sign_div_unsign_olh ; work         ;
;             |alt_u_div_mve:divider|    ; 298 (298)           ; 0 (0)                     ; 0                 ; 0          ; 0    ; 0            ; |simon|lpm_divide:Mod3|lpm_divide_l3m:auto_generated|sign_div_unsign_olh:divider|alt_u_div_mve:divider ; alt_u_div_mve       ; work         ;
;    |segment:segment_part1|             ; 7 (7)               ; 0 (0)                     ; 0                 ; 0          ; 0    ; 0            ; |simon|segment:segment_part1                                                                           ; segment             ; work         ;
;    |segment:segment_part2|             ; 7 (7)               ; 0 (0)                     ; 0                 ; 0          ; 0    ; 0            ; |simon|segment:segment_part2                                                                           ; segment             ; work         ;
;    |segment:segment_part3|             ; 2 (2)               ; 0 (0)                     ; 0                 ; 0          ; 0    ; 0            ; |simon|segment:segment_part3                                                                           ; segment             ; work         ;
+----------------------------------------+---------------------+---------------------------+-------------------+------------+------+--------------+--------------------------------------------------------------------------------------------------------+---------------------+--------------+
Note: For table entries with two numbers listed, the numbers in parentheses indicate the number of resources of the given type used by the specific entity alone. The numbers listed outside of parentheses indicate the total resources of the given type used by the specific entity and all of its sub-entities in the hierarchy.


Encoding Type:  One-Hot
+-------------------------------------------------------------------------------------------------+
; State Machine - |simon|STATUS                                                                   ;
+-------------+-------------+-------------+-------------+-------------+-------------+-------------+
; Name        ; STATUS.0111 ; STATUS.0100 ; STATUS.0011 ; STATUS.0010 ; STATUS.0001 ; STATUS.0000 ;
+-------------+-------------+-------------+-------------+-------------+-------------+-------------+
; STATUS.0000 ; 0           ; 0           ; 0           ; 0           ; 0           ; 0           ;
; STATUS.0001 ; 0           ; 0           ; 0           ; 0           ; 1           ; 1           ;
; STATUS.0010 ; 0           ; 0           ; 0           ; 1           ; 0           ; 1           ;
; STATUS.0011 ; 0           ; 0           ; 1           ; 0           ; 0           ; 1           ;
; STATUS.0100 ; 0           ; 1           ; 0           ; 0           ; 0           ; 1           ;
; STATUS.0111 ; 1           ; 0           ; 0           ; 0           ; 0           ; 1           ;
+-------------+-------------+-------------+-------------+-------------+-------------+-------------+


+---------------------------------------------------------------------------------+
; Registers Removed During Synthesis                                              ;
+----------------------------------------+----------------------------------------+
; Register name                          ; Reason for Removal                     ;
+----------------------------------------+----------------------------------------+
; MODULATED_RANDOM[2..31]                ; Stuck at GND due to stuck port data_in ;
; SEGMENT3[3]                            ; Merged with SEGMENT3[0]                ;
; SEGMENT4[1,3]                          ; Merged with SEGMENT3[0]                ;
; SEGMENT4[0,2]                          ; Merged with SEGMENT3[2]                ;
; SEGMENT3[0]                            ; Stuck at VCC due to stuck port data_in ;
; STATUS~8                               ; Lost fanout                            ;
; STATUS~9                               ; Lost fanout                            ;
; STATUS~10                              ; Lost fanout                            ;
; STATUS~11                              ; Lost fanout                            ;
; STATUS.0111                            ; Lost fanout                            ;
; Total Number of Removed Registers = 41 ;                                        ;
+----------------------------------------+----------------------------------------+


+------------------------------------------------------+
; General Register Statistics                          ;
+----------------------------------------------+-------+
; Statistic                                    ; Value ;
+----------------------------------------------+-------+
; Total registers                              ; 252   ;
; Number of registers using Synchronous Clear  ; 150   ;
; Number of registers using Synchronous Load   ; 33    ;
; Number of registers using Asynchronous Clear ; 0     ;
; Number of registers using Asynchronous Load  ; 0     ;
; Number of registers using Clock Enable       ; 198   ;
; Number of registers using Preset             ; 0     ;
+----------------------------------------------+-------+


+------------------------------------------------------------------------------------------------------------------------------------------+
; Multiplexer Restructuring Statistics (Restructuring Performed)                                                                           ;
+--------------------+-----------+---------------+----------------------+------------------------+------------+----------------------------+
; Multiplexer Inputs ; Bus Width ; Baseline Area ; Area if Restructured ; Saving if Restructured ; Registered ; Example Multiplexer Output ;
+--------------------+-----------+---------------+----------------------+------------------------+------------+----------------------------+
; 3:1                ; 31 bits   ; 62 LEs        ; 31 LEs               ; 31 LEs                 ; Yes        ; |simon|TIME[1]             ;
; 3:1                ; 6 bits    ; 12 LEs        ; 0 LEs                ; 12 LEs                 ; Yes        ; |simon|LEDS[4]             ;
; 3:1                ; 32 bits   ; 64 LEs        ; 0 LEs                ; 64 LEs                 ; Yes        ; |simon|LOADED_COUNTER[8]   ;
; 5:1                ; 3 bits    ; 9 LEs         ; 6 LEs                ; 3 LEs                  ; Yes        ; |simon|SEGMENT3[0]         ;
; 5:1                ; 8 bits    ; 24 LEs        ; 16 LEs               ; 8 LEs                  ; Yes        ; |simon|SEGMENT2[1]         ;
; 5:1                ; 32 bits   ; 96 LEs        ; 0 LEs                ; 96 LEs                 ; Yes        ; |simon|SAVED_COUNTER[2]    ;
; 4:1                ; 32 bits   ; 64 LEs        ; 0 LEs                ; 64 LEs                 ; Yes        ; |simon|LEVEL[8]            ;
; 9:1                ; 31 bits   ; 186 LEs       ; 93 LEs               ; 93 LEs                 ; Yes        ; |simon|GAME_DELAY[3]       ;
; 9:1                ; 6 bits    ; 36 LEs        ; 36 LEs               ; 0 LEs                  ; No         ; |simon|STATUS              ;
+--------------------+-----------+---------------+----------------------+------------------------+------------+----------------------------+


+------------------------------------------------------------------+
; Parameter Settings for Inferred Entity Instance: lpm_divide:Mod2 ;
+------------------------+----------------+------------------------+
; Parameter Name         ; Value          ; Type                   ;
+------------------------+----------------+------------------------+
; LPM_WIDTHN             ; 32             ; Untyped                ;
; LPM_WIDTHD             ; 4              ; Untyped                ;
; LPM_NREPRESENTATION    ; UNSIGNED       ; Untyped                ;
; LPM_DREPRESENTATION    ; UNSIGNED       ; Untyped                ;
; LPM_PIPELINE           ; 0              ; Untyped                ;
; LPM_REMAINDERPOSITIVE  ; TRUE           ; Untyped                ;
; MAXIMIZE_SPEED         ; 5              ; Untyped                ;
; CBXI_PARAMETER         ; lpm_divide_l3m ; Untyped                ;
; CARRY_CHAIN            ; MANUAL         ; Untyped                ;
; OPTIMIZE_FOR_SPEED     ; 5              ; Untyped                ;
; AUTO_CARRY_CHAINS      ; ON             ; AUTO_CARRY             ;
; IGNORE_CARRY_BUFFERS   ; OFF            ; IGNORE_CARRY           ;
; AUTO_CASCADE_CHAINS    ; ON             ; AUTO_CASCADE           ;
; IGNORE_CASCADE_BUFFERS ; OFF            ; IGNORE_CASCADE         ;
+------------------------+----------------+------------------------+
Note: In order to hide this table in the UI and the text report file, please set the "Show Parameter Settings in Synthesis Report" option in "Analysis and Synthesis Settings -> More Settings" to "Off".


+------------------------------------------------------------------+
; Parameter Settings for Inferred Entity Instance: lpm_divide:Mod0 ;
+------------------------+----------------+------------------------+
; Parameter Name         ; Value          ; Type                   ;
+------------------------+----------------+------------------------+
; LPM_WIDTHN             ; 32             ; Untyped                ;
; LPM_WIDTHD             ; 4              ; Untyped                ;
; LPM_NREPRESENTATION    ; UNSIGNED       ; Untyped                ;
; LPM_DREPRESENTATION    ; UNSIGNED       ; Untyped                ;
; LPM_PIPELINE           ; 0              ; Untyped                ;
; LPM_REMAINDERPOSITIVE  ; TRUE           ; Untyped                ;
; MAXIMIZE_SPEED         ; 5              ; Untyped                ;
; CBXI_PARAMETER         ; lpm_divide_l3m ; Untyped                ;
; CARRY_CHAIN            ; MANUAL         ; Untyped                ;
; OPTIMIZE_FOR_SPEED     ; 5              ; Untyped                ;
; AUTO_CARRY_CHAINS      ; ON             ; AUTO_CARRY             ;
; IGNORE_CARRY_BUFFERS   ; OFF            ; IGNORE_CARRY           ;
; AUTO_CASCADE_CHAINS    ; ON             ; AUTO_CASCADE           ;
; IGNORE_CASCADE_BUFFERS ; OFF            ; IGNORE_CASCADE         ;
+------------------------+----------------+------------------------+
Note: In order to hide this table in the UI and the text report file, please set the "Show Parameter Settings in Synthesis Report" option in "Analysis and Synthesis Settings -> More Settings" to "Off".


+------------------------------------------------------------------+
; Parameter Settings for Inferred Entity Instance: lpm_divide:Div0 ;
+------------------------+----------------+------------------------+
; Parameter Name         ; Value          ; Type                   ;
+------------------------+----------------+------------------------+
; LPM_WIDTHN             ; 32             ; Untyped                ;
; LPM_WIDTHD             ; 4              ; Untyped                ;
; LPM_NREPRESENTATION    ; UNSIGNED       ; Untyped                ;
; LPM_DREPRESENTATION    ; UNSIGNED       ; Untyped                ;
; LPM_PIPELINE           ; 0              ; Untyped                ;
; LPM_REMAINDERPOSITIVE  ; TRUE           ; Untyped                ;
; MAXIMIZE_SPEED         ; 5              ; Untyped                ;
; CBXI_PARAMETER         ; lpm_divide_ibm ; Untyped                ;
; CARRY_CHAIN            ; MANUAL         ; Untyped                ;
; OPTIMIZE_FOR_SPEED     ; 5              ; Untyped                ;
; AUTO_CARRY_CHAINS      ; ON             ; AUTO_CARRY             ;
; IGNORE_CARRY_BUFFERS   ; OFF            ; IGNORE_CARRY           ;
; AUTO_CASCADE_CHAINS    ; ON             ; AUTO_CASCADE           ;
; IGNORE_CASCADE_BUFFERS ; OFF            ; IGNORE_CASCADE         ;
+------------------------+----------------+------------------------+
Note: In order to hide this table in the UI and the text report file, please set the "Show Parameter Settings in Synthesis Report" option in "Analysis and Synthesis Settings -> More Settings" to "Off".


+------------------------------------------------------------------+
; Parameter Settings for Inferred Entity Instance: lpm_divide:Mod3 ;
+------------------------+----------------+------------------------+
; Parameter Name         ; Value          ; Type                   ;
+------------------------+----------------+------------------------+
; LPM_WIDTHN             ; 32             ; Untyped                ;
; LPM_WIDTHD             ; 4              ; Untyped                ;
; LPM_NREPRESENTATION    ; UNSIGNED       ; Untyped                ;
; LPM_DREPRESENTATION    ; UNSIGNED       ; Untyped                ;
; LPM_PIPELINE           ; 0              ; Untyped                ;
; LPM_REMAINDERPOSITIVE  ; TRUE           ; Untyped                ;
; MAXIMIZE_SPEED         ; 5              ; Untyped                ;
; CBXI_PARAMETER         ; lpm_divide_l3m ; Untyped                ;
; CARRY_CHAIN            ; MANUAL         ; Untyped                ;
; OPTIMIZE_FOR_SPEED     ; 5              ; Untyped                ;
; AUTO_CARRY_CHAINS      ; ON             ; AUTO_CARRY             ;
; IGNORE_CARRY_BUFFERS   ; OFF            ; IGNORE_CARRY           ;
; AUTO_CASCADE_CHAINS    ; ON             ; AUTO_CASCADE           ;
; IGNORE_CASCADE_BUFFERS ; OFF            ; IGNORE_CASCADE         ;
+------------------------+----------------+------------------------+
Note: In order to hide this table in the UI and the text report file, please set the "Show Parameter Settings in Synthesis Report" option in "Analysis and Synthesis Settings -> More Settings" to "Off".


+------------------------------------------------------------------+
; Parameter Settings for Inferred Entity Instance: lpm_divide:Div1 ;
+------------------------+----------------+------------------------+
; Parameter Name         ; Value          ; Type                   ;
+------------------------+----------------+------------------------+
; LPM_WIDTHN             ; 32             ; Untyped                ;
; LPM_WIDTHD             ; 4              ; Untyped                ;
; LPM_NREPRESENTATION    ; UNSIGNED       ; Untyped                ;
; LPM_DREPRESENTATION    ; UNSIGNED       ; Untyped                ;
; LPM_PIPELINE           ; 0              ; Untyped                ;
; LPM_REMAINDERPOSITIVE  ; TRUE           ; Untyped                ;
; MAXIMIZE_SPEED         ; 5              ; Untyped                ;
; CBXI_PARAMETER         ; lpm_divide_ibm ; Untyped                ;
; CARRY_CHAIN            ; MANUAL         ; Untyped                ;
; OPTIMIZE_FOR_SPEED     ; 5              ; Untyped                ;
; AUTO_CARRY_CHAINS      ; ON             ; AUTO_CARRY             ;
; IGNORE_CARRY_BUFFERS   ; OFF            ; IGNORE_CARRY           ;
; AUTO_CASCADE_CHAINS    ; ON             ; AUTO_CASCADE           ;
; IGNORE_CASCADE_BUFFERS ; OFF            ; IGNORE_CASCADE         ;
+------------------------+----------------+------------------------+
Note: In order to hide this table in the UI and the text report file, please set the "Show Parameter Settings in Synthesis Report" option in "Analysis and Synthesis Settings -> More Settings" to "Off".


+------------------------------------------------------------------+
; Parameter Settings for Inferred Entity Instance: lpm_divide:Mod1 ;
+------------------------+----------------+------------------------+
; Parameter Name         ; Value          ; Type                   ;
+------------------------+----------------+------------------------+
; LPM_WIDTHN             ; 32             ; Untyped                ;
; LPM_WIDTHD             ; 4              ; Untyped                ;
; LPM_NREPRESENTATION    ; UNSIGNED       ; Untyped                ;
; LPM_DREPRESENTATION    ; UNSIGNED       ; Untyped                ;
; LPM_PIPELINE           ; 0              ; Untyped                ;
; LPM_REMAINDERPOSITIVE  ; TRUE           ; Untyped                ;
; MAXIMIZE_SPEED         ; 5              ; Untyped                ;
; CBXI_PARAMETER         ; lpm_divide_l3m ; Untyped                ;
; CARRY_CHAIN            ; MANUAL         ; Untyped                ;
; OPTIMIZE_FOR_SPEED     ; 5              ; Untyped                ;
; AUTO_CARRY_CHAINS      ; ON             ; AUTO_CARRY             ;
; IGNORE_CARRY_BUFFERS   ; OFF            ; IGNORE_CARRY           ;
; AUTO_CASCADE_CHAINS    ; ON             ; AUTO_CASCADE           ;
; IGNORE_CASCADE_BUFFERS ; OFF            ; IGNORE_CASCADE         ;
+------------------------+----------------+------------------------+
Note: In order to hide this table in the UI and the text report file, please set the "Show Parameter Settings in Synthesis Report" option in "Analysis and Synthesis Settings -> More Settings" to "Off".


+------------------------------------------------------------------+
; Parameter Settings for Inferred Entity Instance: lpm_divide:Div2 ;
+------------------------+----------------+------------------------+
; Parameter Name         ; Value          ; Type                   ;
+------------------------+----------------+------------------------+
; LPM_WIDTHN             ; 32             ; Untyped                ;
; LPM_WIDTHD             ; 3              ; Untyped                ;
; LPM_NREPRESENTATION    ; UNSIGNED       ; Untyped                ;
; LPM_DREPRESENTATION    ; UNSIGNED       ; Untyped                ;
; LPM_PIPELINE           ; 0              ; Untyped                ;
; LPM_REMAINDERPOSITIVE  ; TRUE           ; Untyped                ;
; MAXIMIZE_SPEED         ; 5              ; Untyped                ;
; CBXI_PARAMETER         ; lpm_divide_hbm ; Untyped                ;
; CARRY_CHAIN            ; MANUAL         ; Untyped                ;
; OPTIMIZE_FOR_SPEED     ; 5              ; Untyped                ;
; AUTO_CARRY_CHAINS      ; ON             ; AUTO_CARRY             ;
; IGNORE_CARRY_BUFFERS   ; OFF            ; IGNORE_CARRY           ;
; AUTO_CASCADE_CHAINS    ; ON             ; AUTO_CASCADE           ;
; IGNORE_CASCADE_BUFFERS ; OFF            ; IGNORE_CASCADE         ;
+------------------------+----------------+------------------------+
Note: In order to hide this table in the UI and the text report file, please set the "Show Parameter Settings in Synthesis Report" option in "Analysis and Synthesis Settings -> More Settings" to "Off".


+---------------------------------------------------+
; Port Connectivity Checks: "segment:segment_part6" ;
+------+-------+----------+-------------------------+
; Port ; Type  ; Severity ; Details                 ;
+------+-------+----------+-------------------------+
; data ; Input ; Info     ; Stuck at VCC            ;
+------+-------+----------+-------------------------+


+---------------------------------------------------+
; Port Connectivity Checks: "segment:segment_part5" ;
+------+-------+----------+-------------------------+
; Port ; Type  ; Severity ; Details                 ;
+------+-------+----------+-------------------------+
; data ; Input ; Info     ; Stuck at VCC            ;
+------+-------+----------+-------------------------+


+------------------------------------------------------------------------------------------------------------------------+
; Port Connectivity Checks: "lfsr:random_generator"                                                                      ;
+--------------+--------+----------+-------------------------------------------------------------------------------------+
; Port         ; Type   ; Severity ; Details                                                                             ;
+--------------+--------+----------+-------------------------------------------------------------------------------------+
; result[1..6] ; Output ; Info     ; Connected to dangling logic. Logic that only feeds a dangling port will be removed. ;
+--------------+--------+----------+-------------------------------------------------------------------------------------+


+-----------------------------------------------------+
; Post-Synthesis Netlist Statistics for Top Partition ;
+-----------------------+-----------------------------+
; Type                  ; Count                       ;
+-----------------------+-----------------------------+
; arriav_ff             ; 252                         ;
;     ENA               ; 39                          ;
;     ENA SCLR          ; 127                         ;
;     ENA SLD           ; 32                          ;
;     SCLR              ; 23                          ;
;     SLD               ; 1                           ;
;     plain             ; 30                          ;
; arriav_lcell_comb     ; 2632                        ;
;     arith             ; 1594                        ;
;         0 data inputs ; 368                         ;
;         1 data inputs ; 502                         ;
;         2 data inputs ; 15                          ;
;         3 data inputs ; 521                         ;
;         4 data inputs ; 188                         ;
;     extend            ; 3                           ;
;         7 data inputs ; 3                           ;
;     normal            ; 1005                        ;
;         0 data inputs ; 1                           ;
;         1 data inputs ; 4                           ;
;         2 data inputs ; 419                         ;
;         3 data inputs ; 331                         ;
;         4 data inputs ; 66                          ;
;         5 data inputs ; 84                          ;
;         6 data inputs ; 100                         ;
;     shared            ; 30                          ;
;         0 data inputs ; 10                          ;
;         1 data inputs ; 20                          ;
; boundary_port         ; 67                          ;
;                       ;                             ;
; Max LUT depth         ; 69.50                       ;
; Average LUT depth     ; 37.67                       ;
+-----------------------+-----------------------------+


+-------------------------------+
; Elapsed Time Per Partition    ;
+----------------+--------------+
; Partition Name ; Elapsed Time ;
+----------------+--------------+
; Top            ; 00:00:02     ;
+----------------+--------------+


+-------------------------------+
; Analysis & Synthesis Messages ;
+-------------------------------+
Info: *******************************************************************
Info: Running Quartus Prime Analysis & Synthesis
    Info: Version 20.1.1 Build 720 11/11/2020 SJ Lite Edition
    Info: Processing started: Wed Jan 26 15:04:45 2022
Info: Command: quartus_map --read_settings_files=on --write_settings_files=off simon -c simon
Info (20030): Parallel compilation is enabled and will use 6 of the 6 processors detected
Info (12021): Found 1 design units, including 1 entities, in source file simon.v
    Info (12023): Found entity 1: simon File: C:/xcelko/old/simon.v Line: 1
Info (12021): Found 1 design units, including 1 entities, in source file segment.v
    Info (12023): Found entity 1: segment File: C:/xcelko/old/segment.v Line: 1
Info (12021): Found 1 design units, including 1 entities, in source file divider.v
    Info (12023): Found entity 1: divider File: C:/xcelko/old/divider.v Line: 1
Info (12021): Found 1 design units, including 1 entities, in source file lfsr.v
    Info (12023): Found entity 1: lfsr File: C:/xcelko/old/lfsr.v Line: 1
Info (12127): Elaborating entity "simon" for the top level hierarchy
Warning (10230): Verilog HDL assignment warning at simon.v(79): truncated value with size 32 to match size of target (4) File: C:/xcelko/old/simon.v Line: 79
Warning (10230): Verilog HDL assignment warning at simon.v(80): truncated value with size 32 to match size of target (4) File: C:/xcelko/old/simon.v Line: 80
Warning (10230): Verilog HDL assignment warning at simon.v(85): truncated value with size 32 to match size of target (4) File: C:/xcelko/old/simon.v Line: 85
Warning (10230): Verilog HDL assignment warning at simon.v(86): truncated value with size 32 to match size of target (4) File: C:/xcelko/old/simon.v Line: 86
Warning (10230): Verilog HDL assignment warning at simon.v(154): truncated value with size 3 to match size of target (2) File: C:/xcelko/old/simon.v Line: 154
Info (10264): Verilog HDL Case Statement information at simon.v(126): all case item expressions in this case statement are onehot File: C:/xcelko/old/simon.v Line: 126
Info (12128): Elaborating entity "divider" for hierarchy "divider:divider_half_sec" File: C:/xcelko/old/simon.v Line: 46
Info (12128): Elaborating entity "lfsr" for hierarchy "lfsr:random_generator" File: C:/xcelko/old/simon.v Line: 47
Info (12128): Elaborating entity "segment" for hierarchy "segment:segment_part1" File: C:/xcelko/old/simon.v Line: 49
Info (276014): Found 1 instances of uninferred RAM logic
    Info (276007): RAM logic "SAVED_ORDER" is uninferred due to asynchronous read logic File: C:/xcelko/old/simon.v Line: 16
Info (278001): Inferred 7 megafunctions from design logic
    Info (278004): Inferred divider/modulo megafunction ("lpm_divide") from the following logic: "Mod2" File: C:/xcelko/old/simon.v Line: 85
    Info (278004): Inferred divider/modulo megafunction ("lpm_divide") from the following logic: "Mod0" File: C:/xcelko/old/simon.v Line: 79
    Info (278004): Inferred divider/modulo megafunction ("lpm_divide") from the following logic: "Div0" File: C:/xcelko/old/simon.v Line: 86
    Info (278004): Inferred divider/modulo megafunction ("lpm_divide") from the following logic: "Mod3" File: C:/xcelko/old/simon.v Line: 86
    Info (278004): Inferred divider/modulo megafunction ("lpm_divide") from the following logic: "Div1" File: C:/xcelko/old/simon.v Line: 148
    Info (278004): Inferred divider/modulo megafunction ("lpm_divide") from the following logic: "Mod1" File: C:/xcelko/old/simon.v Line: 80
    Info (278004): Inferred divider/modulo megafunction ("lpm_divide") from the following logic: "Div2" File: C:/xcelko/old/simon.v Line: 151
Info (12130): Elaborated megafunction instantiation "lpm_divide:Mod2" File: C:/xcelko/old/simon.v Line: 85
Info (12133): Instantiated megafunction "lpm_divide:Mod2" with the following parameter: File: C:/xcelko/old/simon.v Line: 85
    Info (12134): Parameter "LPM_WIDTHN" = "32"
    Info (12134): Parameter "LPM_WIDTHD" = "4"
    Info (12134): Parameter "LPM_NREPRESENTATION" = "UNSIGNED"
    Info (12134): Parameter "LPM_DREPRESENTATION" = "UNSIGNED"
Info (12021): Found 1 design units, including 1 entities, in source file db/lpm_divide_l3m.tdf
    Info (12023): Found entity 1: lpm_divide_l3m File: C:/xcelko/old/db/lpm_divide_l3m.tdf Line: 25
Info (12021): Found 1 design units, including 1 entities, in source file db/sign_div_unsign_olh.tdf
    Info (12023): Found entity 1: sign_div_unsign_olh File: C:/xcelko/old/db/sign_div_unsign_olh.tdf Line: 25
Info (12021): Found 1 design units, including 1 entities, in source file db/alt_u_div_mve.tdf
    Info (12023): Found entity 1: alt_u_div_mve File: C:/xcelko/old/db/alt_u_div_mve.tdf Line: 23
Info (12130): Elaborated megafunction instantiation "lpm_divide:Div0" File: C:/xcelko/old/simon.v Line: 86
Info (12133): Instantiated megafunction "lpm_divide:Div0" with the following parameter: File: C:/xcelko/old/simon.v Line: 86
    Info (12134): Parameter "LPM_WIDTHN" = "32"
    Info (12134): Parameter "LPM_WIDTHD" = "4"
    Info (12134): Parameter "LPM_NREPRESENTATION" = "UNSIGNED"
    Info (12134): Parameter "LPM_DREPRESENTATION" = "UNSIGNED"
Info (12021): Found 1 design units, including 1 entities, in source file db/lpm_divide_ibm.tdf
    Info (12023): Found entity 1: lpm_divide_ibm File: C:/xcelko/old/db/lpm_divide_ibm.tdf Line: 25
Info (12130): Elaborated megafunction instantiation "lpm_divide:Div2" File: C:/xcelko/old/simon.v Line: 151
Info (12133): Instantiated megafunction "lpm_divide:Div2" with the following parameter: File: C:/xcelko/old/simon.v Line: 151
    Info (12134): Parameter "LPM_WIDTHN" = "32"
    Info (12134): Parameter "LPM_WIDTHD" = "3"
    Info (12134): Parameter "LPM_NREPRESENTATION" = "UNSIGNED"
    Info (12134): Parameter "LPM_DREPRESENTATION" = "UNSIGNED"
Info (12021): Found 1 design units, including 1 entities, in source file db/lpm_divide_hbm.tdf
    Info (12023): Found entity 1: lpm_divide_hbm File: C:/xcelko/old/db/lpm_divide_hbm.tdf Line: 25
Info (12021): Found 1 design units, including 1 entities, in source file db/sign_div_unsign_nlh.tdf
    Info (12023): Found entity 1: sign_div_unsign_nlh File: C:/xcelko/old/db/sign_div_unsign_nlh.tdf Line: 25
Info (12021): Found 1 design units, including 1 entities, in source file db/alt_u_div_kve.tdf
    Info (12023): Found entity 1: alt_u_div_kve File: C:/xcelko/old/db/alt_u_div_kve.tdf Line: 23
Warning (13024): Output pins are stuck at VCC or GND
    Warning (13410): Pin "HEX3[1]" is stuck at VCC File: C:/xcelko/old/simon.v Line: 1
    Warning (13410): Pin "HEX3[2]" is stuck at VCC File: C:/xcelko/old/simon.v Line: 1
    Warning (13410): Pin "HEX3[3]" is stuck at VCC File: C:/xcelko/old/simon.v Line: 1
    Warning (13410): Pin "HEX4[0]" is stuck at VCC File: C:/xcelko/old/simon.v Line: 2
    Warning (13410): Pin "HEX4[1]" is stuck at VCC File: C:/xcelko/old/simon.v Line: 2
    Warning (13410): Pin "HEX4[2]" is stuck at VCC File: C:/xcelko/old/simon.v Line: 2
    Warning (13410): Pin "HEX4[3]" is stuck at VCC File: C:/xcelko/old/simon.v Line: 2
    Warning (13410): Pin "HEX4[4]" is stuck at VCC File: C:/xcelko/old/simon.v Line: 2
    Warning (13410): Pin "HEX4[5]" is stuck at VCC File: C:/xcelko/old/simon.v Line: 2
    Warning (13410): Pin "HEX4[6]" is stuck at VCC File: C:/xcelko/old/simon.v Line: 2
    Warning (13410): Pin "HEX5[0]" is stuck at VCC File: C:/xcelko/old/simon.v Line: 2
    Warning (13410): Pin "HEX5[1]" is stuck at VCC File: C:/xcelko/old/simon.v Line: 2
    Warning (13410): Pin "HEX5[2]" is stuck at VCC File: C:/xcelko/old/simon.v Line: 2
    Warning (13410): Pin "HEX5[3]" is stuck at VCC File: C:/xcelko/old/simon.v Line: 2
    Warning (13410): Pin "HEX5[4]" is stuck at VCC File: C:/xcelko/old/simon.v Line: 2
    Warning (13410): Pin "HEX5[5]" is stuck at VCC File: C:/xcelko/old/simon.v Line: 2
    Warning (13410): Pin "HEX5[6]" is stuck at VCC File: C:/xcelko/old/simon.v Line: 2
Info (286030): Timing-Driven Synthesis is running
Info (17049): 5 registers lost all their fanouts during netlist optimizations.
Info (144001): Generated suppressed messages file C:/xcelko/old/simon.map.smsg
Info (16010): Generating hard_block partition "hard_block:auto_generated_inst"
    Info (16011): Adding 0 node(s), including 0 DDIO, 0 PLL, 0 transceiver and 0 LCELL
Warning (21074): Design contains 9 input pin(s) that do not drive logic
    Warning (15610): No output dependent on input pin "SW[1]" File: C:/xcelko/old/simon.v Line: 2
    Warning (15610): No output dependent on input pin "SW[2]" File: C:/xcelko/old/simon.v Line: 2
    Warning (15610): No output dependent on input pin "SW[3]" File: C:/xcelko/old/simon.v Line: 2
    Warning (15610): No output dependent on input pin "SW[4]" File: C:/xcelko/old/simon.v Line: 2
    Warning (15610): No output dependent on input pin "SW[5]" File: C:/xcelko/old/simon.v Line: 2
    Warning (15610): No output dependent on input pin "SW[6]" File: C:/xcelko/old/simon.v Line: 2
    Warning (15610): No output dependent on input pin "SW[7]" File: C:/xcelko/old/simon.v Line: 2
    Warning (15610): No output dependent on input pin "SW[8]" File: C:/xcelko/old/simon.v Line: 2
    Warning (15610): No output dependent on input pin "SW[9]" File: C:/xcelko/old/simon.v Line: 2
Info (21057): Implemented 2724 device resources after synthesis - the final resource count might be different
    Info (21058): Implemented 15 input pins
    Info (21059): Implemented 52 output pins
    Info (21061): Implemented 2657 logic cells
Info: Quartus Prime Analysis & Synthesis was successful. 0 errors, 33 warnings
    Info: Peak virtual memory: 4876 megabytes
    Info: Processing ended: Wed Jan 26 15:04:54 2022
    Info: Elapsed time: 00:00:09
    Info: Total CPU time (on all processors): 00:00:17


+------------------------------------------+
; Analysis & Synthesis Suppressed Messages ;
+------------------------------------------+
The suppressed messages can be found in C:/xcelko/old/simon.map.smsg.


